<?xml version="1.0" encoding="UTF-8"?>
<!-- Generated by org.testng.reporters.JUnitXMLReporter -->
<testsuite ignored="3" hostname="Vaibhavs-MacBook-Air.local" failures="0" tests="1" name="Default test" time="73.82" errors="0" timestamp="2023-03-14T12:23:24 IST">
  <testcase classname="SVG.SvgElement" name="flipKartSVG" time="55.511"/>
  <testcase classname="SVG.SvgElement" name="flipKartSVG2" time="0.0">
    <ignored/>
  </testcase> <!-- flipKartSVG2 -->
  <testcase classname="SVG.SvgElement" name="handleSVG" time="0.0">
    <ignored/>
  </testcase> <!-- handleSVG -->
  <testcase classname="SVG.SvgElement" name="graphSVG" time="0.0">
    <ignored/>
  </testcase> <!-- graphSVG -->
</testsuite> <!-- Default test -->
