<?xml version="1.0" encoding="UTF-8"?>
<!-- Generated by org.testng.reporters.JUnitXMLReporter -->
<testsuite ignored="0" hostname="Vaibhavs-MacBook-Air.local" failures="0" tests="7" name="Test1" time="57.724" errors="0" timestamp="2023-03-13T22:37:04 IST">
  <testcase classname="bookFlightModule.FlightDetailsTest" name="navigateToFlightDetailsPage" time="18.175"/>
  <testcase classname="bookFlightModule.FlightDepartureTest" name="navigateToFlightDeparturepage" time="15.981"/>
  <testcase classname="bookFlightModule.FlightDetailsTest" name="validatePageTitle" time="5.068"/>
  <testcase classname="bookFlightModule.FlightDepartureTest" name="validatePageTitle" time="0.027"/>
  <testcase classname="bookFlightModule.FlightDetailsTest" name="validateFlightMessage" time="0.089"/>
  <testcase classname="bookFlightModule.FlightDepartureTest" name="validateFlightMessage" time="0.133"/>
  <testcase classname="bookFlightModule.FlightDetailsTest" name="passengersCount" time="0.219"/>
</testsuite> <!-- Test1 -->
