<?xml version="1.0" encoding="UTF-8"?>
<!-- Generated by org.testng.reporters.JUnitXMLReporter -->
<testsuite ignored="0" hostname="Vaibhavs-MacBook-Air.local" failures="0" tests="6" name="Test2" time="37.226" errors="0" timestamp="2023-03-13T22:36:44 IST">
  <testcase classname="bookFlightModule.ItineraryTest" name="launchAppAndNavigateToItineraryPage" time="20.833"/>
  <testcase classname="bookFlightModule.ItineraryTest" name="validatePageTitle" time="5.162"/>
  <testcase classname="bookFlightModule.ItineraryTest" name="validateFlightMessage" time="0.163"/>
  <testcase classname="bookFlightModule.ItineraryTest" name="confirmationID" time="0.118"/>
  <testcase classname="bookFlightModule.ItineraryTest" name="totalTicketPrice" time="0.082"/>
  <testcase classname="bookFlightModule.ItineraryTest" name="signOffLink" time="0.123"/>
</testsuite> <!-- Test2 -->
