<?xml version="1.0" encoding="UTF-8"?>
<testng-results ignored="0" total="13" passed="13" failed="0" skipped="0">
  <reporter-output>
  </reporter-output>
  <suite started-at="2023-03-13T22:36:06 IST" name="Suite" finished-at="2023-03-13T22:37:04 IST" duration-ms="57724">
    <groups>
    </groups>
    <test started-at="2023-03-13T22:36:06 IST" name="Test2" finished-at="2023-03-13T22:36:44 IST" duration-ms="37226">
      <class name="bookFlightModule.ItineraryTest">
        <test-method is-config="true" signature="launchBrowser()[pri:0, instance:bookFlightModule.ItineraryTest@793d163b]" started-at="2023-03-13T22:36:07 IST" name="launchBrowser" finished-at="2023-03-13T22:36:17 IST" duration-ms="10372" status="PASS">
          <reporter-output>
          </reporter-output>
        </test-method> <!-- launchBrowser -->
        <test-method signature="launchAppAndNavigateToItineraryPage()[pri:1, instance:bookFlightModule.ItineraryTest@793d163b]" started-at="2023-03-13T22:36:17 IST" name="launchAppAndNavigateToItineraryPage" finished-at="2023-03-13T22:36:38 IST" duration-ms="20833" status="PASS">
          <reporter-output>
          </reporter-output>
        </test-method> <!-- launchAppAndNavigateToItineraryPage -->
        <test-method signature="validatePageTitle()[pri:2, instance:bookFlightModule.ItineraryTest@793d163b]" started-at="2023-03-13T22:36:38 IST" name="validatePageTitle" finished-at="2023-03-13T22:36:43 IST" duration-ms="5162" status="PASS">
          <reporter-output>
          </reporter-output>
        </test-method> <!-- validatePageTitle -->
        <test-method signature="validateFlightMessage()[pri:3, instance:bookFlightModule.ItineraryTest@793d163b]" started-at="2023-03-13T22:36:43 IST" name="validateFlightMessage" finished-at="2023-03-13T22:36:43 IST" duration-ms="163" status="PASS">
          <reporter-output>
          </reporter-output>
        </test-method> <!-- validateFlightMessage -->
        <test-method signature="confirmationID()[pri:4, instance:bookFlightModule.ItineraryTest@793d163b]" started-at="2023-03-13T22:36:43 IST" name="confirmationID" finished-at="2023-03-13T22:36:43 IST" duration-ms="118" status="PASS">
          <reporter-output>
          </reporter-output>
        </test-method> <!-- confirmationID -->
        <test-method signature="totalTicketPrice()[pri:5, instance:bookFlightModule.ItineraryTest@793d163b]" started-at="2023-03-13T22:36:43 IST" name="totalTicketPrice" finished-at="2023-03-13T22:36:43 IST" duration-ms="82" status="PASS">
          <reporter-output>
          </reporter-output>
        </test-method> <!-- totalTicketPrice -->
        <test-method signature="signOffLink()[pri:6, instance:bookFlightModule.ItineraryTest@793d163b]" started-at="2023-03-13T22:36:43 IST" name="signOffLink" finished-at="2023-03-13T22:36:43 IST" duration-ms="123" status="PASS">
          <reporter-output>
          </reporter-output>
        </test-method> <!-- signOffLink -->
        <test-method is-config="true" signature="tearDown()[pri:0, instance:bookFlightModule.ItineraryTest@793d163b]" started-at="2023-03-13T22:36:43 IST" name="tearDown" finished-at="2023-03-13T22:36:44 IST" duration-ms="270" status="PASS">
          <reporter-output>
          </reporter-output>
        </test-method> <!-- tearDown -->
      </class> <!-- bookFlightModule.ItineraryTest -->
    </test> <!-- Test2 -->
    <test started-at="2023-03-13T22:36:06 IST" name="Test1" finished-at="2023-03-13T22:37:04 IST" duration-ms="57724">
      <class name="bookFlightModule.FlightDepartureTest">
        <test-method is-config="true" signature="launchBrowser()[pri:0, instance:bookFlightModule.FlightDepartureTest@3f36e8d1]" started-at="2023-03-13T22:36:34 IST" name="launchBrowser" finished-at="2023-03-13T22:36:42 IST" duration-ms="8025" status="PASS">
          <reporter-output>
          </reporter-output>
        </test-method> <!-- launchBrowser -->
        <test-method signature="navigateToFlightDeparturepage()[pri:1, instance:bookFlightModule.FlightDepartureTest@3f36e8d1]" started-at="2023-03-13T22:36:42 IST" name="navigateToFlightDeparturepage" finished-at="2023-03-13T22:36:58 IST" duration-ms="15981" status="PASS">
          <reporter-output>
          </reporter-output>
        </test-method> <!-- navigateToFlightDeparturepage -->
        <test-method signature="validatePageTitle()[pri:2, instance:bookFlightModule.FlightDepartureTest@3f36e8d1]" started-at="2023-03-13T22:37:03 IST" name="validatePageTitle" finished-at="2023-03-13T22:37:03 IST" duration-ms="27" status="PASS">
          <reporter-output>
          </reporter-output>
        </test-method> <!-- validatePageTitle -->
        <test-method signature="validateFlightMessage()[pri:3, instance:bookFlightModule.FlightDepartureTest@3f36e8d1]" started-at="2023-03-13T22:37:03 IST" name="validateFlightMessage" finished-at="2023-03-13T22:37:04 IST" duration-ms="133" status="PASS">
          <reporter-output>
          </reporter-output>
        </test-method> <!-- validateFlightMessage -->
        <test-method is-config="true" signature="tearDown()[pri:0, instance:bookFlightModule.FlightDepartureTest@3f36e8d1]" started-at="2023-03-13T22:37:04 IST" name="tearDown" finished-at="2023-03-13T22:37:04 IST" duration-ms="209" status="PASS">
          <reporter-output>
          </reporter-output>
        </test-method> <!-- tearDown -->
      </class> <!-- bookFlightModule.FlightDepartureTest -->
      <class name="bookFlightModule.FlightDetailsTest">
        <test-method is-config="true" signature="launchBrowser()[pri:0, instance:bookFlightModule.FlightDetailsTest@9b76b60]" started-at="2023-03-13T22:36:07 IST" name="launchBrowser" finished-at="2023-03-13T22:36:16 IST" duration-ms="9354" status="PASS">
          <reporter-output>
          </reporter-output>
        </test-method> <!-- launchBrowser -->
        <test-method signature="navigateToFlightDetailsPage()[pri:1, instance:bookFlightModule.FlightDetailsTest@9b76b60]" started-at="2023-03-13T22:36:16 IST" name="navigateToFlightDetailsPage" finished-at="2023-03-13T22:36:34 IST" duration-ms="18175" status="PASS">
          <reporter-output>
          </reporter-output>
        </test-method> <!-- navigateToFlightDetailsPage -->
        <test-method signature="validatePageTitle()[pri:2, instance:bookFlightModule.FlightDetailsTest@9b76b60]" started-at="2023-03-13T22:36:58 IST" name="validatePageTitle" finished-at="2023-03-13T22:37:03 IST" duration-ms="5068" status="PASS">
          <reporter-output>
          </reporter-output>
        </test-method> <!-- validatePageTitle -->
        <test-method signature="validateFlightMessage()[pri:3, instance:bookFlightModule.FlightDetailsTest@9b76b60]" started-at="2023-03-13T22:37:03 IST" name="validateFlightMessage" finished-at="2023-03-13T22:37:03 IST" duration-ms="89" status="PASS">
          <reporter-output>
          </reporter-output>
        </test-method> <!-- validateFlightMessage -->
        <test-method signature="passengersCount()[pri:4, instance:bookFlightModule.FlightDetailsTest@9b76b60]" started-at="2023-03-13T22:37:04 IST" name="passengersCount" finished-at="2023-03-13T22:37:04 IST" duration-ms="219" status="PASS">
          <reporter-output>
          </reporter-output>
        </test-method> <!-- passengersCount -->
        <test-method is-config="true" signature="tearDown()[pri:0, instance:bookFlightModule.FlightDetailsTest@9b76b60]" started-at="2023-03-13T22:37:04 IST" name="tearDown" finished-at="2023-03-13T22:37:04 IST" duration-ms="241" status="PASS">
          <reporter-output>
          </reporter-output>
        </test-method> <!-- tearDown -->
      </class> <!-- bookFlightModule.FlightDetailsTest -->
    </test> <!-- Test1 -->
  </suite> <!-- Suite -->
</testng-results>
