<?xml version="1.0" encoding="UTF-8"?>
<testsuite xmlns:xsi="http://www.w3.org/2001/XMLSchema-instance" xsi:noNamespaceSchemaLocation="https://maven.apache.org/surefire/maven-surefire-plugin/xsd/surefire-test-report.xsd" name="TestSuite" time="64.552" tests="13" errors="0" skipped="0" failures="0">
  <properties>
[...]
</properties>
  <testcase name="navigateToFlightDetailsPage" classname="bookFlightModule.FlightDetailsTest" time="17.364"/>
  <testcase name="launchAppAndNavigateToItineraryPage" classname="bookFlightModule.ItineraryTest" time="20.848"/>
  <testcase name="validatePageTitle" classname="bookFlightModule.ItineraryTest" time="0.716"/>
  <testcase name="validateFlightMessage" classname="bookFlightModule.ItineraryTest" time="0.162"/>
  <testcase name="confirmationID" classname="bookFlightModule.ItineraryTest" time="0.119"/>
  <testcase name="totalTicketPrice" classname="bookFlightModule.ItineraryTest" time="0.082"/>
  <testcase name="signOffLink" classname="bookFlightModule.ItineraryTest" time="0.129"/>
  <testcase name="navigateToFlightDeparturepage" classname="bookFlightModule.FlightDepartureTest" time="14.901"/>
  <testcase name="validatePageTitle" classname="bookFlightModule.FlightDetailsTest" time="5.07"/>
  <testcase name="validatePageTitle" classname="bookFlightModule.FlightDepartureTest" time="0.027"/>
  <testcase name="validateFlightMessage" classname="bookFlightModule.FlightDetailsTest" time="0.089"/>
  <testcase name="validateFlightMessage" classname="bookFlightModule.FlightDepartureTest" time="0.133"/>
  <testcase name="passengersCount" classname="bookFlightModule.FlightDetailsTest" time="0.219"/>
</testsuite>