<?xml version="1.0" encoding="UTF-8"?>
<testng-results ignored="3" total="4" passed="1" failed="0" skipped="0">
  <reporter-output>
  </reporter-output>
  <suite started-at="2023-03-14T12:22:05 IST" name="Default suite" finished-at="2023-03-14T12:23:19 IST" duration-ms="73820">
    <groups>
    </groups>
    <test started-at="2023-03-14T12:22:05 IST" name="Default test" finished-at="2023-03-14T12:23:19 IST" duration-ms="73820">
      <class name="SVG.SvgElement">
        <test-method is-config="true" signature="launchBrowser()[pri:0, instance:SVG.SvgElement@35835e65]" started-at="2023-03-14T12:22:10 IST" name="launchBrowser" finished-at="2023-03-14T12:22:23 IST" duration-ms="12510" status="PASS">
          <reporter-output>
          </reporter-output>
        </test-method> <!-- launchBrowser -->
        <test-method signature="flipKartSVG()[pri:0, instance:SVG.SvgElement@35835e65]" started-at="2023-03-14T12:22:23 IST" name="flipKartSVG" finished-at="2023-03-14T12:23:18 IST" duration-ms="55511" status="PASS">
          <reporter-output>
          </reporter-output>
        </test-method> <!-- flipKartSVG -->
      </class> <!-- SVG.SvgElement -->
    </test> <!-- Default test -->
  </suite> <!-- Default suite -->
</testng-results>
